::1 - - [10/Feb/2021:16:38:00 +0000] "GET /api/allPlaces HTTP/1.1" 200 - "-" "PostmanRuntime/7.26.10"
::1 - - [10/Feb/2021:16:54:39 +0000] "POST /api/login HTTP/1.1" 200 268 "-" "PostmanRuntime/7.26.10"
::1 - - [10/Feb/2021:16:56:51 +0000] "POST /api/place HTTP/1.1" 500 83 "-" "PostmanRuntime/7.26.10"
::1 - - [10/Feb/2021:16:57:05 +0000] "POST /api/place HTTP/1.1" 201 797 "-" "PostmanRuntime/7.26.10"
::1 - - [10/Feb/2021:19:05:17 +0000] "GET /api/allPlaces HTTP/1.1" 200 - "-" "PostmanRuntime/7.26.10"
::1 - - [10/Feb/2021:19:08:51 +0000] "GET /api/allPlaces HTTP/1.1" 200 - "-" "PostmanRuntime/7.26.10"
::1 - - [10/Feb/2021:19:09:03 +0000] "GET /api/allPlaces HTTP/1.1" 200 - "-" "PostmanRuntime/7.26.10"
::1 - - [11/Feb/2021:02:13:07 +0000] "POST /api/reservation/6024167de5ac3946c8952f89 HTTP/1.1" 201 528 "-" "PostmanRuntime/7.26.10"
::1 - - [11/Feb/2021:02:13:46 +0000] "DELETE /api/reservation/602492b17bd3844aa8533496 HTTP/1.1" 200 34 "-" "PostmanRuntime/7.26.10"
::1 - - [11/Feb/2021:02:14:36 +0000] "POST /api/clientPassword HTTP/1.1" 404 158 "-" "PostmanRuntime/7.26.10"
::1 - - [11/Feb/2021:02:14:46 +0000] "PUT /api/clientPassword HTTP/1.1" 401 29 "-" "PostmanRuntime/7.26.10"
::1 - - [11/Feb/2021:02:14:53 +0000] "PUT /api/clientPassword HTTP/1.1" 200 31 "-" "PostmanRuntime/7.26.10"
::1 - - [11/Feb/2021:02:14:56 +0000] "PUT /api/clientPassword HTTP/1.1" 401 29 "-" "PostmanRuntime/7.26.10"
::1 - - [11/Feb/2021:02:15:03 +0000] "PUT /api/clientPassword HTTP/1.1" 200 31 "-" "PostmanRuntime/7.26.10"
::1 - - [11/Feb/2021:02:15:13 +0000] "PUT /api/clientPassword HTTP/1.1" 200 31 "-" "PostmanRuntime/7.26.10"
::1 - - [11/Feb/2021:14:17:42 +0000] "GET / HTTP/1.1" 404 139 "-" "Mozilla/5.0 (Windows NT 10.0; Win64; x64) AppleWebKit/537.36 (KHTML, like Gecko) Chrome/88.0.4324.150 Safari/537.36"
::1 - - [11/Feb/2021:14:19:22 +0000] "GET / HTTP/1.1" 404 139 "-" "Mozilla/5.0 (Windows NT 10.0; Win64; x64) AppleWebKit/537.36 (KHTML, like Gecko) Chrome/88.0.4324.150 Safari/537.36"
::1 - - [11/Feb/2021:14:19:29 +0000] "GET /images HTTP/1.1" 404 145 "-" "Mozilla/5.0 (Windows NT 10.0; Win64; x64) AppleWebKit/537.36 (KHTML, like Gecko) Chrome/88.0.4324.150 Safari/537.36"
::1 - - [11/Feb/2021:18:18:34 +0000] "POST /api/signup HTTP/1.1" 500 180 "-" "PostmanRuntime/7.26.10"
::1 - - [11/Feb/2021:18:19:01 +0000] "POST /api/signup HTTP/1.1" 201 490 "-" "PostmanRuntime/7.26.10"
::1 - - [11/Feb/2021:18:21:28 +0000] "POST /api/login HTTP/1.1" 200 261 "-" "PostmanRuntime/7.26.10"
::1 - - [11/Feb/2021:18:22:22 +0000] "PUT /api/client HTTP/1.1" 422 29 "-" "PostmanRuntime/7.26.10"
::1 - - [11/Feb/2021:18:22:47 +0000] "PUT /api/client HTTP/1.1" 200 27 "-" "PostmanRuntime/7.26.10"
::1 - - [11/Feb/2021:18:56:31 +0000] "GET /api/placeReservations/6024167de5ac3946c8952f89 HTTP/1.1" 404 35 "-" "PostmanRuntime/7.26.10"
::1 - - [11/Feb/2021:19:34:35 +0000] "POST /api/reservation/6024167de5ac3946c8952f89 HTTP/1.1" 500 25 "-" "PostmanRuntime/7.26.10"
::1 - - [11/Feb/2021:19:34:50 +0000] "POST /api/login HTTP/1.1" 200 261 "-" "PostmanRuntime/7.26.10"
::1 - - [11/Feb/2021:19:35:07 +0000] "POST /api/reservation/6024167de5ac3946c8952f89 HTTP/1.1" 500 120 "-" "PostmanRuntime/7.26.10"
::1 - - [11/Feb/2021:19:36:09 +0000] "POST /api/reservation/6024167de5ac3946c8952f89 HTTP/1.1" 500 119 "-" "PostmanRuntime/7.26.10"
::1 - - [11/Feb/2021:19:37:04 +0000] "POST /api/reservation/6024167de5ac3946c8952f89 HTTP/1.1" 201 531 "-" "PostmanRuntime/7.26.10"
::1 - - [11/Feb/2021:19:37:15 +0000] "POST /api/reservation/6024167de5ac3946c8952f89 HTTP/1.1" 201 531 "-" "PostmanRuntime/7.26.10"
::1 - - [11/Feb/2021:19:39:11 +0000] "GET /api/placeReservations/6024167de5ac3946c8952f89 HTTP/1.1" 200 72 "-" "PostmanRuntime/7.26.10"
::ffff:192.168.1.7 - - [11/Feb/2021:23:03:11 +0000] "GET / HTTP/1.1" 404 139 "-" "Avast Antivirus"
::ffff:192.168.1.7 - - [11/Feb/2021:23:03:25 +0000] "GET /HNAP1/ HTTP/1.1" 404 145 "-" "Avast Antivirus"
::1 - - [12/Feb/2021:01:05:13 +0000] "POST /api/login HTTP/1.1" 200 261 "-" "PostmanRuntime/7.26.10"
::1 - - [12/Feb/2021:01:05:29 +0000] "POST /api/review/6024167de5ac3946c8952f89 HTTP/1.1" 201 433 "-" "PostmanRuntime/7.26.10"
::1 - - [12/Feb/2021:01:05:42 +0000] "POST /api/review/6024167de5ac3946c8952f89 HTTP/1.1" 201 434 "-" "PostmanRuntime/7.26.10"
::1 - - [12/Feb/2021:01:06:31 +0000] "GET /api/placeRating/6024167de5ac3946c8952f89 HTTP/1.1" 200 20 "-" "PostmanRuntime/7.26.10"
::1 - - [12/Feb/2021:01:07:27 +0000] "POST /api/review/6024167de5ac3946c8952f89 HTTP/1.1" 201 434 "-" "PostmanRuntime/7.26.10"
::1 - - [12/Feb/2021:01:08:12 +0000] "POST /api/review/6024167de5ac3946c8952f89 HTTP/1.1" 201 434 "-" "PostmanRuntime/7.26.10"
::1 - - [12/Feb/2021:01:08:14 +0000] "POST /api/review/6024167de5ac3946c8952f89 HTTP/1.1" 201 434 "-" "PostmanRuntime/7.26.10"
::1 - - [12/Feb/2021:01:08:17 +0000] "POST /api/review/6024167de5ac3946c8952f89 HTTP/1.1" 201 434 "-" "PostmanRuntime/7.26.10"
::1 - - [12/Feb/2021:01:09:00 +0000] "POST /api/placeRating/6024167de5ac3946c8952f89 HTTP/1.1" 404 180 "-" "PostmanRuntime/7.26.10"
::1 - - [12/Feb/2021:01:09:04 +0000] "GET /api/placeRating/6024167de5ac3946c8952f89 HTTP/1.1" 200 20 "-" "PostmanRuntime/7.26.10"
::1 - - [12/Feb/2021:01:32:42 +0000] "POST /api/wishlist HTTP/1.1" 201 273 "-" "PostmanRuntime/7.26.10"
::1 - - [12/Feb/2021:01:32:46 +0000] "POST /api/wishlist HTTP/1.1" 201 273 "-" "PostmanRuntime/7.26.10"
::1 - - [12/Feb/2021:01:32:47 +0000] "POST /api/wishlist HTTP/1.1" 201 273 "-" "PostmanRuntime/7.26.10"
::1 - - [12/Feb/2021:18:52:39 +0000] "GET /api/allReviews HTTP/1.1" 200 - "-" "PostmanRuntime/7.26.10"
::1 - - [13/Feb/2021:03:50:27 +0000] "OPTIONS /api/place/6024167de5ac3946c8952f89 HTTP/1.1" 200 19 "http://localhost:3000/" "Mozilla/5.0 (Windows NT 10.0; Win64; x64) AppleWebKit/537.36 (KHTML, like Gecko) Chrome/88.0.4324.150 Safari/537.36"
::1 - - [13/Feb/2021:03:50:27 +0000] "GET /api/place/6024167de5ac3946c8952f89 HTTP/1.1" 200 - "http://localhost:3000/" "Mozilla/5.0 (Windows NT 10.0; Win64; x64) AppleWebKit/537.36 (KHTML, like Gecko) Chrome/88.0.4324.150 Safari/537.36"
::1 - - [13/Feb/2021:03:50:28 +0000] "GET /api/clients HTTP/1.1" 304 - "http://localhost:3000/" "Mozilla/5.0 (Windows NT 10.0; Win64; x64) AppleWebKit/537.36 (KHTML, like Gecko) Chrome/88.0.4324.150 Safari/537.36"
::1 - - [13/Feb/2021:03:50:28 +0000] "OPTIONS /api/placeReviews/6024167de5ac3946c8952f89 HTTP/1.1" 200 8 "http://localhost:3000/" "Mozilla/5.0 (Windows NT 10.0; Win64; x64) AppleWebKit/537.36 (KHTML, like Gecko) Chrome/88.0.4324.150 Safari/537.36"
::1 - - [13/Feb/2021:03:50:28 +0000] "GET /api/placeReviews/6024167de5ac3946c8952f89 HTTP/1.1" 304 - "http://localhost:3000/" "Mozilla/5.0 (Windows NT 10.0; Win64; x64) AppleWebKit/537.36 (KHTML, like Gecko) Chrome/88.0.4324.150 Safari/537.36"
::1 - - [13/Feb/2021:03:50:28 +0000] "OPTIONS /api/allReviews HTTP/1.1" 200 8 "http://localhost:3000/" "Mozilla/5.0 (Windows NT 10.0; Win64; x64) AppleWebKit/537.36 (KHTML, like Gecko) Chrome/88.0.4324.150 Safari/537.36"
::1 - - [13/Feb/2021:03:50:28 +0000] "GET /api/allReviews HTTP/1.1" 304 - "http://localhost:3000/" "Mozilla/5.0 (Windows NT 10.0; Win64; x64) AppleWebKit/537.36 (KHTML, like Gecko) Chrome/88.0.4324.150 Safari/537.36"
::1 - - [13/Feb/2021:03:50:29 +0000] "GET /images/6aeb749a-ce77-4da9-bbbe-9b6280870d81-pexels-photo-2398220.jpeg HTTP/1.1" 404 208 "http://localhost:3000/" "Mozilla/5.0 (Windows NT 10.0; Win64; x64) AppleWebKit/537.36 (KHTML, like Gecko) Chrome/88.0.4324.150 Safari/537.36"
::1 - - [13/Feb/2021:03:50:29 +0000] "GET /images/088d0960-6500-424b-840d-4e378774e1fa-pexels-photo-59520.jpeg HTTP/1.1" 404 206 "http://localhost:3000/" "Mozilla/5.0 (Windows NT 10.0; Win64; x64) AppleWebKit/537.36 (KHTML, like Gecko) Chrome/88.0.4324.150 Safari/537.36"
::1 - - [13/Feb/2021:03:50:29 +0000] "GET /images/0b861b7c-b93c-41df-a0f9-8321915485d5-pexels-photo-1271619.jpeg HTTP/1.1" 404 208 "http://localhost:3000/" "Mozilla/5.0 (Windows NT 10.0; Win64; x64) AppleWebKit/537.36 (KHTML, like Gecko) Chrome/88.0.4324.150 Safari/537.36"
::1 - - [13/Feb/2021:03:50:29 +0000] "GET /images/0d6bba34-6e45-4844-98ce-97e61173ea22-Alaa.jpg HTTP/1.1" 404 191 "http://localhost:3000/" "Mozilla/5.0 (Windows NT 10.0; Win64; x64) AppleWebKit/537.36 (KHTML, like Gecko) Chrome/88.0.4324.150 Safari/537.36"
